[INFO ] 2021-04-06T09:35:18,300Z [Test worker] cordapp.JarScanningCordappLoader. - Looking for CorDapps in [build/mock-network/20210406-093511.882-BAA46FFE0A77FA2E/nodes/0/cordapps] {}
[INFO ] 2021-04-06T09:35:18,316Z [Test worker] cordapp.JarScanningCordappLoader. - Loading CorDapps from RestrictedURL(url=file:/Users/leonidkalneus/Egnyte/Private/lkalneus/code/ps-talk/ps-upgrades/workflows/build/mock-network/20210406-093511.882-BAA46FFE0A77FA2E/nodes/0/cordapps/custom-cordapp_1_8_1fae4f02-3722-4917-be04-d31f8744858c.jar, rootPackageName=null) {}
[INFO ] 2021-04-06T09:35:18,326Z [Test worker] cordapp.JarScanningCordappLoader. - Scanning CorDapp in file:/Users/leonidkalneus/Egnyte/Private/lkalneus/code/ps-talk/ps-upgrades/workflows/build/mock-network/20210406-093511.882-BAA46FFE0A77FA2E/nodes/0/cordapps/custom-cordapp_1_8_1fae4f02-3722-4917-be04-d31f8744858c.jar {}
[INFO ] 2021-04-06T09:35:19,157Z [Test worker] internal.InternalMockNetwork$MockNode. - MessagingService active change to: false {}
[INFO ] 2021-04-06T09:35:19,367Z [Test worker] internal.InternalMockNetwork$MockNode. - Flow external operation executor has a max of 2 threads {}
[INFO ] 2021-04-06T09:35:19,410Z [Test worker] internal.InternalMockNetwork$MockNode. - Node starting up ... {}
[INFO ] 2021-04-06T09:35:19,495Z [Test worker] internal.NodeFlowManager. - Registered com.template.flows.Initiator to initiate com.template.flows.Responder (version 1) {}
[INFO ] 2021-04-06T09:35:19,588Z [Test worker] internal.InternalMockNetwork$MockNode. - Loaded network parameters: NetworkParameters {
      minimumPlatformVersion=1
      notaries=[NotaryInfo(identity=O=Notary, L=London, C=GB, validating=true)]
      maxMessageSize=10485760
      maxTransactionSize=524288000
      whitelistedContractImplementations {
        
      }
      eventHorizon=PT720H
      packageOwnership {
        
      }
      modifiedTime=2021-04-06T09:35:11.811Z
      epoch=1
  } {}
[INFO ] 2021-04-06T09:35:23,832Z [Test worker] internal.InternalMockNetwork$MockNode. - Connected to H2 database. {}
[INFO ] 2021-04-06T09:35:23,908Z [Test worker] persistence.HibernateConfiguration. - Init HibernateConfiguration for schemas: [CommonSchemaV1(name=net.corda.core.schemas.CommonSchema, version=1), VaultSchemaV1(name=net.corda.node.services.vault.VaultSchema, version=1), NodeInfoSchemaV1(name=net.corda.node.internal.schemas.NodeInfoSchema, version=1), NodeCoreV1(name=net.corda.node.services.schema.NodeSchemaService$NodeCore, version=1), JPANotarySchemaV1(name=net.corda.notary.jpa.JPANotarySchema, version=1)] {}
[INFO ] 2021-04-06T09:35:23,911Z [Test worker] factory.BaseSessionFactoryFactory. - Creating session factory for schemas: [CommonSchemaV1(name=net.corda.core.schemas.CommonSchema, version=1), VaultSchemaV1(name=net.corda.node.services.vault.VaultSchema, version=1), NodeInfoSchemaV1(name=net.corda.node.internal.schemas.NodeInfoSchema, version=1), NodeCoreV1(name=net.corda.node.services.schema.NodeSchemaService$NodeCore, version=1), JPANotarySchemaV1(name=net.corda.notary.jpa.JPANotarySchema, version=1)] {}
[INFO ] 2021-04-06T09:35:26,045Z [Test worker] factory.BaseSessionFactoryFactory. - Created session factory for schemas: [CommonSchemaV1(name=net.corda.core.schemas.CommonSchema, version=1), VaultSchemaV1(name=net.corda.node.services.vault.VaultSchema, version=1), NodeInfoSchemaV1(name=net.corda.node.internal.schemas.NodeInfoSchema, version=1), NodeCoreV1(name=net.corda.node.services.schema.NodeSchemaService$NodeCore, version=1), JPANotarySchemaV1(name=net.corda.notary.jpa.JPANotarySchema, version=1)] {}
[INFO ] 2021-04-06T09:35:26,422Z [Test worker] internal.InternalMockNetwork$MockNode. - Node-info has changed so submitting update. Old node-info was null {}
[INFO ] 2021-04-06T09:35:26,423Z [Test worker] network.PersistentNetworkMapCache. - Adding node with info: NodeInfo(addresses=[mock.node:1000], legalIdentitiesAndCerts=[O=Notary, L=London, C=GB], platformVersion=8, serial=1617701726423) {}
[INFO ] 2021-04-06T09:35:26,428Z [Test worker] network.PersistentNetworkMapCache. - No previous node found for O=Notary, L=London, C=GB {}
[INFO ] 2021-04-06T09:35:26,585Z [Test worker] internal.InternalMockNetwork$MockNode. - New node-info: NodeInfo(addresses=[mock.node:1000], legalIdentitiesAndCerts=[O=Notary, L=London, C=GB], platformVersion=8, serial=1617701726423) {}
[INFO ] 2021-04-06T09:35:26,636Z [Test worker] network.NetworkMapUpdater. - Auto-accept enabled for network parameter changes which modify only: [epoch, modifiedTime, packageOwnership, whitelistedContractImplementations] {}
[INFO ] 2021-04-06T09:35:26,648Z [Test worker] internal.MockNodeMessagingService. - Status change to true {}
[INFO ] 2021-04-06T09:35:26,649Z [Test worker] internal.InternalMockNetwork$MockNode. - MessagingService active change to: true {}
[INFO ] 2021-04-06T09:35:26,654Z [MockNode-1-2] network.PersistentNetworkMapCache. - Adding node with info: NodeInfo(addresses=[mock.node:1000], legalIdentitiesAndCerts=[O=Notary, L=London, C=GB], platformVersion=8, serial=1617701726423) {}
[INFO ] 2021-04-06T09:35:26,678Z [MockNode-1-2] network.PersistentNetworkMapCache. - Previous node was identical to incoming one - doing nothing {}
[INFO ] 2021-04-06T09:35:26,769Z [Test worker] persistence.NodeAttachmentService. - Stored new attachment: id=921C47E1C3CB1A9975F7A114546DB7F659B226864AAA468229AA0345BE1E54ED uploader=app filename=Contract: custom-cordapp, Workflow: custom-cordapp {}
[INFO ] 2021-04-06T09:35:26,777Z [Test worker] utilities.NotaryLoader. - Starting notary service: class net.corda.notary.jpa.JPANotaryService {}
[INFO ] 2021-04-06T09:35:27,201Z [Test worker] statemachine.SingleThreadedStateMachineManager. - Node ready, info: NodeInfo(addresses=[mock.node:1000], legalIdentitiesAndCerts=[O=Notary, L=London, C=GB], platformVersion=8, serial=1617701726423) {}
[INFO ] 2021-04-06T09:35:27,209Z [Test worker] network.PersistentNetworkMapCache. - Adding node with info: NodeInfo(addresses=[mock.node:1000], legalIdentitiesAndCerts=[O=Notary, L=London, C=GB], platformVersion=8, serial=1617701726423) {}
[INFO ] 2021-04-06T09:35:27,210Z [Test worker] network.PersistentNetworkMapCache. - Previous node was identical to incoming one - doing nothing {}
[INFO ] 2021-04-06T09:35:27,210Z [Test worker] network.PersistentNetworkMapCache. - Adding node with info: NodeInfo(addresses=[mock.node:1000], legalIdentitiesAndCerts=[O=Notary, L=London, C=GB], platformVersion=8, serial=1617701726423) {}
[INFO ] 2021-04-06T09:35:27,210Z [Test worker] network.PersistentNetworkMapCache. - Previous node was identical to incoming one - doing nothing {}
[INFO ] 2021-04-06T09:35:27,219Z [Test worker] cordapp.JarScanningCordappLoader. - Looking for CorDapps in [build/mock-network/20210406-093511.882-BAA46FFE0A77FA2E/nodes/1/cordapps] {}
[INFO ] 2021-04-06T09:35:27,219Z [Test worker] cordapp.JarScanningCordappLoader. - Loading CorDapps from RestrictedURL(url=file:/Users/leonidkalneus/Egnyte/Private/lkalneus/code/ps-talk/ps-upgrades/workflows/build/mock-network/20210406-093511.882-BAA46FFE0A77FA2E/nodes/1/cordapps/custom-cordapp_1_8_1fae4f02-3722-4917-be04-d31f8744858c.jar, rootPackageName=null) {}
[INFO ] 2021-04-06T09:35:27,219Z [Test worker] cordapp.JarScanningCordappLoader. - Scanning CorDapp in file:/Users/leonidkalneus/Egnyte/Private/lkalneus/code/ps-talk/ps-upgrades/workflows/build/mock-network/20210406-093511.882-BAA46FFE0A77FA2E/nodes/1/cordapps/custom-cordapp_1_8_1fae4f02-3722-4917-be04-d31f8744858c.jar {}
[INFO ] 2021-04-06T09:35:27,251Z [Test worker] internal.InternalMockNetwork$MockNode. - MessagingService active change to: false {}
[INFO ] 2021-04-06T09:35:27,252Z [Test worker] internal.InternalMockNetwork$MockNode. - Flow external operation executor has a max of 2 threads {}
[INFO ] 2021-04-06T09:35:27,253Z [Test worker] internal.InternalMockNetwork$MockNode. - Node starting up ... {}
[INFO ] 2021-04-06T09:35:27,276Z [Test worker] internal.NodeFlowManager. - Registered com.template.flows.Initiator to initiate com.template.flows.Responder (version 1) {}
[INFO ] 2021-04-06T09:35:27,279Z [Test worker] internal.InternalMockNetwork$MockNode. - Loaded network parameters: NetworkParameters {
      minimumPlatformVersion=1
      notaries=[NotaryInfo(identity=O=Notary, L=London, C=GB, validating=true)]
      maxMessageSize=10485760
      maxTransactionSize=524288000
      whitelistedContractImplementations {
        
      }
      eventHorizon=PT720H
      packageOwnership {
        
      }
      modifiedTime=2021-04-06T09:35:11.811Z
      epoch=1
  } {}
[INFO ] 2021-04-06T09:35:27,570Z [Test worker] internal.InternalMockNetwork$MockNode. - Connected to H2 database. {}
[INFO ] 2021-04-06T09:35:27,573Z [Test worker] persistence.HibernateConfiguration. - Init HibernateConfiguration for schemas: [CommonSchemaV1(name=net.corda.core.schemas.CommonSchema, version=1), VaultSchemaV1(name=net.corda.node.services.vault.VaultSchema, version=1), NodeInfoSchemaV1(name=net.corda.node.internal.schemas.NodeInfoSchema, version=1), NodeCoreV1(name=net.corda.node.services.schema.NodeSchemaService$NodeCore, version=1)] {}
[INFO ] 2021-04-06T09:35:27,573Z [Test worker] factory.BaseSessionFactoryFactory. - Creating session factory for schemas: [CommonSchemaV1(name=net.corda.core.schemas.CommonSchema, version=1), VaultSchemaV1(name=net.corda.node.services.vault.VaultSchema, version=1), NodeInfoSchemaV1(name=net.corda.node.internal.schemas.NodeInfoSchema, version=1), NodeCoreV1(name=net.corda.node.services.schema.NodeSchemaService$NodeCore, version=1)] {}
[INFO ] 2021-04-06T09:35:27,686Z [Test worker] factory.BaseSessionFactoryFactory. - Created session factory for schemas: [CommonSchemaV1(name=net.corda.core.schemas.CommonSchema, version=1), VaultSchemaV1(name=net.corda.node.services.vault.VaultSchema, version=1), NodeInfoSchemaV1(name=net.corda.node.internal.schemas.NodeInfoSchema, version=1), NodeCoreV1(name=net.corda.node.services.schema.NodeSchemaService$NodeCore, version=1)] {}
[INFO ] 2021-04-06T09:35:27,688Z [Test worker] internal.InternalMockNetwork$MockNode. - identity-private-key not found in key store, generating fresh key! {}
[INFO ] 2021-04-06T09:35:27,706Z [Test worker] internal.InternalMockNetwork$MockNode. - Node-info has changed so submitting update. Old node-info was null {}
[INFO ] 2021-04-06T09:35:27,706Z [Test worker] network.PersistentNetworkMapCache. - Adding node with info: NodeInfo(addresses=[mock.node:1000], legalIdentitiesAndCerts=[O=Mock Company 1, L=London, C=GB], platformVersion=8, serial=1617701727706) {}
[INFO ] 2021-04-06T09:35:27,707Z [Test worker] network.PersistentNetworkMapCache. - No previous node found for O=Mock Company 1, L=London, C=GB {}
[INFO ] 2021-04-06T09:35:27,716Z [Test worker] internal.InternalMockNetwork$MockNode. - New node-info: NodeInfo(addresses=[mock.node:1000], legalIdentitiesAndCerts=[O=Mock Company 1, L=London, C=GB], platformVersion=8, serial=1617701727706) {}
[INFO ] 2021-04-06T09:35:27,723Z [Test worker] network.NetworkMapUpdater. - Auto-accept enabled for network parameter changes which modify only: [epoch, modifiedTime, packageOwnership, whitelistedContractImplementations] {}
[INFO ] 2021-04-06T09:35:27,723Z [Test worker] internal.MockNodeMessagingService. - Status change to true {}
[INFO ] 2021-04-06T09:35:27,723Z [Test worker] internal.InternalMockNetwork$MockNode. - MessagingService active change to: true {}
[INFO ] 2021-04-06T09:35:27,726Z [MockNode-2-2] network.PersistentNetworkMapCache. - Adding node with info: NodeInfo(addresses=[mock.node:1000], legalIdentitiesAndCerts=[O=Mock Company 1, L=London, C=GB], platformVersion=8, serial=1617701727706) {}
[INFO ] 2021-04-06T09:35:27,731Z [MockNode-2-2] network.PersistentNetworkMapCache. - Previous node was identical to incoming one - doing nothing {}
[INFO ] 2021-04-06T09:35:27,749Z [Test worker] persistence.NodeAttachmentService. - Stored new attachment: id=921C47E1C3CB1A9975F7A114546DB7F659B226864AAA468229AA0345BE1E54ED uploader=app filename=Contract: custom-cordapp, Workflow: custom-cordapp {}
[INFO ] 2021-04-06T09:35:27,772Z [Test worker] statemachine.SingleThreadedStateMachineManager. - Node ready, info: NodeInfo(addresses=[mock.node:1000], legalIdentitiesAndCerts=[O=Mock Company 1, L=London, C=GB], platformVersion=8, serial=1617701727706) {}
[INFO ] 2021-04-06T09:35:27,773Z [Test worker] network.PersistentNetworkMapCache. - Adding node with info: NodeInfo(addresses=[mock.node:1000], legalIdentitiesAndCerts=[O=Notary, L=London, C=GB], platformVersion=8, serial=1617701726423) {}
[INFO ] 2021-04-06T09:35:27,774Z [Test worker] network.PersistentNetworkMapCache. - No previous node found for O=Notary, L=London, C=GB {}
[INFO ] 2021-04-06T09:35:27,786Z [Test worker] network.PersistentNetworkMapCache. - Adding node with info: NodeInfo(addresses=[mock.node:1000], legalIdentitiesAndCerts=[O=Mock Company 1, L=London, C=GB], platformVersion=8, serial=1617701727706) {}
[INFO ] 2021-04-06T09:35:27,787Z [Test worker] network.PersistentNetworkMapCache. - No previous node found for O=Mock Company 1, L=London, C=GB {}
[INFO ] 2021-04-06T09:35:27,797Z [Test worker] network.PersistentNetworkMapCache. - Adding node with info: NodeInfo(addresses=[mock.node:1000], legalIdentitiesAndCerts=[O=Mock Company 1, L=London, C=GB], platformVersion=8, serial=1617701727706) {}
[INFO ] 2021-04-06T09:35:27,797Z [Test worker] network.PersistentNetworkMapCache. - Previous node was identical to incoming one - doing nothing {}
[INFO ] 2021-04-06T09:35:27,797Z [Test worker] network.PersistentNetworkMapCache. - Adding node with info: NodeInfo(addresses=[mock.node:1000], legalIdentitiesAndCerts=[O=Mock Company 1, L=London, C=GB], platformVersion=8, serial=1617701727706) {}
[INFO ] 2021-04-06T09:35:27,797Z [Test worker] network.PersistentNetworkMapCache. - Previous node was identical to incoming one - doing nothing {}
[INFO ] 2021-04-06T09:35:27,803Z [Test worker] cordapp.JarScanningCordappLoader. - Looking for CorDapps in [build/mock-network/20210406-093511.882-BAA46FFE0A77FA2E/nodes/2/cordapps] {}
[INFO ] 2021-04-06T09:35:27,803Z [Test worker] cordapp.JarScanningCordappLoader. - Loading CorDapps from RestrictedURL(url=file:/Users/leonidkalneus/Egnyte/Private/lkalneus/code/ps-talk/ps-upgrades/workflows/build/mock-network/20210406-093511.882-BAA46FFE0A77FA2E/nodes/2/cordapps/custom-cordapp_1_8_1fae4f02-3722-4917-be04-d31f8744858c.jar, rootPackageName=null) {}
[INFO ] 2021-04-06T09:35:27,804Z [Test worker] cordapp.JarScanningCordappLoader. - Scanning CorDapp in file:/Users/leonidkalneus/Egnyte/Private/lkalneus/code/ps-talk/ps-upgrades/workflows/build/mock-network/20210406-093511.882-BAA46FFE0A77FA2E/nodes/2/cordapps/custom-cordapp_1_8_1fae4f02-3722-4917-be04-d31f8744858c.jar {}
[INFO ] 2021-04-06T09:35:27,829Z [Test worker] internal.InternalMockNetwork$MockNode. - MessagingService active change to: false {}
[INFO ] 2021-04-06T09:35:27,829Z [Test worker] internal.InternalMockNetwork$MockNode. - Flow external operation executor has a max of 2 threads {}
[INFO ] 2021-04-06T09:35:27,830Z [Test worker] internal.InternalMockNetwork$MockNode. - Node starting up ... {}
[INFO ] 2021-04-06T09:35:27,859Z [Test worker] internal.NodeFlowManager. - Registered com.template.flows.Initiator to initiate com.template.flows.Responder (version 1) {}
[INFO ] 2021-04-06T09:35:27,862Z [Test worker] internal.InternalMockNetwork$MockNode. - Loaded network parameters: NetworkParameters {
      minimumPlatformVersion=1
      notaries=[NotaryInfo(identity=O=Notary, L=London, C=GB, validating=true)]
      maxMessageSize=10485760
      maxTransactionSize=524288000
      whitelistedContractImplementations {
        
      }
      eventHorizon=PT720H
      packageOwnership {
        
      }
      modifiedTime=2021-04-06T09:35:11.811Z
      epoch=1
  } {}
[INFO ] 2021-04-06T09:35:28,104Z [Test worker] internal.InternalMockNetwork$MockNode. - Connected to H2 database. {}
[INFO ] 2021-04-06T09:35:28,105Z [Test worker] persistence.HibernateConfiguration. - Init HibernateConfiguration for schemas: [CommonSchemaV1(name=net.corda.core.schemas.CommonSchema, version=1), VaultSchemaV1(name=net.corda.node.services.vault.VaultSchema, version=1), NodeInfoSchemaV1(name=net.corda.node.internal.schemas.NodeInfoSchema, version=1), NodeCoreV1(name=net.corda.node.services.schema.NodeSchemaService$NodeCore, version=1)] {}
[INFO ] 2021-04-06T09:35:28,106Z [Test worker] factory.BaseSessionFactoryFactory. - Creating session factory for schemas: [CommonSchemaV1(name=net.corda.core.schemas.CommonSchema, version=1), VaultSchemaV1(name=net.corda.node.services.vault.VaultSchema, version=1), NodeInfoSchemaV1(name=net.corda.node.internal.schemas.NodeInfoSchema, version=1), NodeCoreV1(name=net.corda.node.services.schema.NodeSchemaService$NodeCore, version=1)] {}
[INFO ] 2021-04-06T09:35:28,215Z [Test worker] factory.BaseSessionFactoryFactory. - Created session factory for schemas: [CommonSchemaV1(name=net.corda.core.schemas.CommonSchema, version=1), VaultSchemaV1(name=net.corda.node.services.vault.VaultSchema, version=1), NodeInfoSchemaV1(name=net.corda.node.internal.schemas.NodeInfoSchema, version=1), NodeCoreV1(name=net.corda.node.services.schema.NodeSchemaService$NodeCore, version=1)] {}
[INFO ] 2021-04-06T09:35:28,217Z [Test worker] internal.InternalMockNetwork$MockNode. - identity-private-key not found in key store, generating fresh key! {}
[INFO ] 2021-04-06T09:35:28,234Z [Test worker] internal.InternalMockNetwork$MockNode. - Node-info has changed so submitting update. Old node-info was null {}
[INFO ] 2021-04-06T09:35:28,234Z [Test worker] network.PersistentNetworkMapCache. - Adding node with info: NodeInfo(addresses=[mock.node:1000], legalIdentitiesAndCerts=[O=Mock Company 2, L=London, C=GB], platformVersion=8, serial=1617701728234) {}
[INFO ] 2021-04-06T09:35:28,235Z [Test worker] network.PersistentNetworkMapCache. - No previous node found for O=Mock Company 2, L=London, C=GB {}
[INFO ] 2021-04-06T09:35:28,242Z [Test worker] internal.InternalMockNetwork$MockNode. - New node-info: NodeInfo(addresses=[mock.node:1000], legalIdentitiesAndCerts=[O=Mock Company 2, L=London, C=GB], platformVersion=8, serial=1617701728234) {}
[INFO ] 2021-04-06T09:35:28,248Z [Test worker] network.NetworkMapUpdater. - Auto-accept enabled for network parameter changes which modify only: [epoch, modifiedTime, packageOwnership, whitelistedContractImplementations] {}
[INFO ] 2021-04-06T09:35:28,248Z [Test worker] internal.MockNodeMessagingService. - Status change to true {}
[INFO ] 2021-04-06T09:35:28,248Z [Test worker] internal.InternalMockNetwork$MockNode. - MessagingService active change to: true {}
[INFO ] 2021-04-06T09:35:28,251Z [MockNode-3-2] network.PersistentNetworkMapCache. - Adding node with info: NodeInfo(addresses=[mock.node:1000], legalIdentitiesAndCerts=[O=Mock Company 2, L=London, C=GB], platformVersion=8, serial=1617701728234) {}
[INFO ] 2021-04-06T09:35:28,255Z [MockNode-3-2] network.PersistentNetworkMapCache. - Previous node was identical to incoming one - doing nothing {}
[INFO ] 2021-04-06T09:35:28,279Z [Test worker] persistence.NodeAttachmentService. - Stored new attachment: id=921C47E1C3CB1A9975F7A114546DB7F659B226864AAA468229AA0345BE1E54ED uploader=app filename=Contract: custom-cordapp, Workflow: custom-cordapp {}
[INFO ] 2021-04-06T09:35:28,301Z [Test worker] statemachine.SingleThreadedStateMachineManager. - Node ready, info: NodeInfo(addresses=[mock.node:1000], legalIdentitiesAndCerts=[O=Mock Company 2, L=London, C=GB], platformVersion=8, serial=1617701728234) {}
[INFO ] 2021-04-06T09:35:28,301Z [Test worker] network.PersistentNetworkMapCache. - Adding node with info: NodeInfo(addresses=[mock.node:1000], legalIdentitiesAndCerts=[O=Notary, L=London, C=GB], platformVersion=8, serial=1617701726423) {}
[INFO ] 2021-04-06T09:35:28,302Z [Test worker] network.PersistentNetworkMapCache. - No previous node found for O=Notary, L=London, C=GB {}
[INFO ] 2021-04-06T09:35:28,313Z [Test worker] network.PersistentNetworkMapCache. - Adding node with info: NodeInfo(addresses=[mock.node:1000], legalIdentitiesAndCerts=[O=Mock Company 2, L=London, C=GB], platformVersion=8, serial=1617701728234) {}
[INFO ] 2021-04-06T09:35:28,314Z [Test worker] network.PersistentNetworkMapCache. - No previous node found for O=Mock Company 2, L=London, C=GB {}
[INFO ] 2021-04-06T09:35:28,326Z [Test worker] network.PersistentNetworkMapCache. - Adding node with info: NodeInfo(addresses=[mock.node:1000], legalIdentitiesAndCerts=[O=Mock Company 1, L=London, C=GB], platformVersion=8, serial=1617701727706) {}
[INFO ] 2021-04-06T09:35:28,327Z [Test worker] network.PersistentNetworkMapCache. - No previous node found for O=Mock Company 1, L=London, C=GB {}
[INFO ] 2021-04-06T09:35:28,337Z [Test worker] network.PersistentNetworkMapCache. - Adding node with info: NodeInfo(addresses=[mock.node:1000], legalIdentitiesAndCerts=[O=Mock Company 2, L=London, C=GB], platformVersion=8, serial=1617701728234) {}
[INFO ] 2021-04-06T09:35:28,338Z [Test worker] network.PersistentNetworkMapCache. - No previous node found for O=Mock Company 2, L=London, C=GB {}
[INFO ] 2021-04-06T09:35:28,349Z [Test worker] network.PersistentNetworkMapCache. - Adding node with info: NodeInfo(addresses=[mock.node:1000], legalIdentitiesAndCerts=[O=Mock Company 2, L=London, C=GB], platformVersion=8, serial=1617701728234) {}
[INFO ] 2021-04-06T09:35:28,349Z [Test worker] network.PersistentNetworkMapCache. - Previous node was identical to incoming one - doing nothing {}
[INFO ] 2021-04-06T09:35:28,349Z [Test worker] network.PersistentNetworkMapCache. - Adding node with info: NodeInfo(addresses=[mock.node:1000], legalIdentitiesAndCerts=[O=Mock Company 2, L=London, C=GB], platformVersion=8, serial=1617701728234) {}
[INFO ] 2021-04-06T09:35:28,349Z [Test worker] network.PersistentNetworkMapCache. - Previous node was identical to incoming one - doing nothing {}
[WARN ] 2021-04-06T09:35:28,350Z [Test worker] internal.NodeFlowManager. - Multiple flows are registered for InitiatingFlow: class com.template.flows.Initiator, currently using: class com.template.flows.Responder {}
[INFO ] 2021-04-06T09:35:28,350Z [Test worker] internal.NodeFlowManager. - Registered com.template.flows.Initiator to initiate com.template.flows.Responder (version 1) {}
[WARN ] 2021-04-06T09:35:28,354Z [Test worker] internal.NodeFlowManager. - Multiple flows are registered for InitiatingFlow: class com.template.flows.Initiator, currently using: class com.template.flows.Responder {}
[INFO ] 2021-04-06T09:35:28,354Z [Test worker] internal.NodeFlowManager. - Registered com.template.flows.Initiator to initiate com.template.flows.Responder (version 1) {}
[INFO ] 2021-04-06T09:57:25,111Z [Test worker] cordapp.JarScanningCordappLoader. - Looking for CorDapps in [build/mock-network/20210406-095718.349-68E1A7D5DA9FFDDA/nodes/0/cordapps] {}
[INFO ] 2021-04-06T09:57:25,128Z [Test worker] cordapp.JarScanningCordappLoader. - Loading CorDapps from RestrictedURL(url=file:/Users/leonidkalneus/Egnyte/Private/lkalneus/code/ps-talk/ps-upgrades/workflows/build/mock-network/20210406-095718.349-68E1A7D5DA9FFDDA/nodes/0/cordapps/custom-cordapp_1_8_991faa04-7967-4e27-b2ff-f3cdca2be7d7.jar, rootPackageName=null) {}
[INFO ] 2021-04-06T09:57:25,139Z [Test worker] cordapp.JarScanningCordappLoader. - Scanning CorDapp in file:/Users/leonidkalneus/Egnyte/Private/lkalneus/code/ps-talk/ps-upgrades/workflows/build/mock-network/20210406-095718.349-68E1A7D5DA9FFDDA/nodes/0/cordapps/custom-cordapp_1_8_991faa04-7967-4e27-b2ff-f3cdca2be7d7.jar {}
[INFO ] 2021-04-06T09:57:26,197Z [Test worker] internal.InternalMockNetwork$MockNode. - MessagingService active change to: false {}
[INFO ] 2021-04-06T09:57:26,463Z [Test worker] internal.InternalMockNetwork$MockNode. - Flow external operation executor has a max of 2 threads {}
[INFO ] 2021-04-06T09:57:26,517Z [Test worker] internal.InternalMockNetwork$MockNode. - Node starting up ... {}
[INFO ] 2021-04-06T09:57:26,615Z [Test worker] internal.NodeFlowManager. - Registered com.template.flows.Initiator to initiate com.template.flows.Responder (version 1) {}
[INFO ] 2021-04-06T09:57:26,737Z [Test worker] internal.InternalMockNetwork$MockNode. - Loaded network parameters: NetworkParameters {
      minimumPlatformVersion=1
      notaries=[NotaryInfo(identity=O=Notary, L=London, C=GB, validating=true)]
      maxMessageSize=10485760
      maxTransactionSize=524288000
      whitelistedContractImplementations {
        
      }
      eventHorizon=PT720H
      packageOwnership {
        
      }
      modifiedTime=2021-04-06T09:57:18.280Z
      epoch=1
  } {}
[INFO ] 2021-04-06T09:57:30,985Z [Test worker] internal.InternalMockNetwork$MockNode. - Connected to H2 database. {}
[INFO ] 2021-04-06T09:57:31,059Z [Test worker] persistence.HibernateConfiguration. - Init HibernateConfiguration for schemas: [CommonSchemaV1(name=net.corda.core.schemas.CommonSchema, version=1), VaultSchemaV1(name=net.corda.node.services.vault.VaultSchema, version=1), NodeInfoSchemaV1(name=net.corda.node.internal.schemas.NodeInfoSchema, version=1), NodeCoreV1(name=net.corda.node.services.schema.NodeSchemaService$NodeCore, version=1), JPANotarySchemaV1(name=net.corda.notary.jpa.JPANotarySchema, version=1)] {}
[INFO ] 2021-04-06T09:57:31,063Z [Test worker] factory.BaseSessionFactoryFactory. - Creating session factory for schemas: [CommonSchemaV1(name=net.corda.core.schemas.CommonSchema, version=1), VaultSchemaV1(name=net.corda.node.services.vault.VaultSchema, version=1), NodeInfoSchemaV1(name=net.corda.node.internal.schemas.NodeInfoSchema, version=1), NodeCoreV1(name=net.corda.node.services.schema.NodeSchemaService$NodeCore, version=1), JPANotarySchemaV1(name=net.corda.notary.jpa.JPANotarySchema, version=1)] {}
[INFO ] 2021-04-06T09:57:33,286Z [Test worker] factory.BaseSessionFactoryFactory. - Created session factory for schemas: [CommonSchemaV1(name=net.corda.core.schemas.CommonSchema, version=1), VaultSchemaV1(name=net.corda.node.services.vault.VaultSchema, version=1), NodeInfoSchemaV1(name=net.corda.node.internal.schemas.NodeInfoSchema, version=1), NodeCoreV1(name=net.corda.node.services.schema.NodeSchemaService$NodeCore, version=1), JPANotarySchemaV1(name=net.corda.notary.jpa.JPANotarySchema, version=1)] {}
[INFO ] 2021-04-06T09:57:33,597Z [Test worker] internal.InternalMockNetwork$MockNode. - Node-info has changed so submitting update. Old node-info was null {}
[INFO ] 2021-04-06T09:57:33,597Z [Test worker] network.PersistentNetworkMapCache. - Adding node with info: NodeInfo(addresses=[mock.node:1000], legalIdentitiesAndCerts=[O=Notary, L=London, C=GB], platformVersion=8, serial=1617703053597) {}
[INFO ] 2021-04-06T09:57:33,602Z [Test worker] network.PersistentNetworkMapCache. - No previous node found for O=Notary, L=London, C=GB {}
[INFO ] 2021-04-06T09:57:33,753Z [Test worker] internal.InternalMockNetwork$MockNode. - New node-info: NodeInfo(addresses=[mock.node:1000], legalIdentitiesAndCerts=[O=Notary, L=London, C=GB], platformVersion=8, serial=1617703053597) {}
[INFO ] 2021-04-06T09:57:33,803Z [Test worker] network.NetworkMapUpdater. - Auto-accept enabled for network parameter changes which modify only: [epoch, modifiedTime, packageOwnership, whitelistedContractImplementations] {}
[INFO ] 2021-04-06T09:57:33,815Z [Test worker] internal.MockNodeMessagingService. - Status change to true {}
[INFO ] 2021-04-06T09:57:33,816Z [Test worker] internal.InternalMockNetwork$MockNode. - MessagingService active change to: true {}
[INFO ] 2021-04-06T09:57:33,821Z [MockNode-1-2] network.PersistentNetworkMapCache. - Adding node with info: NodeInfo(addresses=[mock.node:1000], legalIdentitiesAndCerts=[O=Notary, L=London, C=GB], platformVersion=8, serial=1617703053597) {}
[INFO ] 2021-04-06T09:57:33,844Z [MockNode-1-2] network.PersistentNetworkMapCache. - Previous node was identical to incoming one - doing nothing {}
[INFO ] 2021-04-06T09:57:33,927Z [Test worker] persistence.NodeAttachmentService. - Stored new attachment: id=921C47E1C3CB1A9975F7A114546DB7F659B226864AAA468229AA0345BE1E54ED uploader=app filename=Contract: custom-cordapp, Workflow: custom-cordapp {}
[INFO ] 2021-04-06T09:57:33,935Z [Test worker] utilities.NotaryLoader. - Starting notary service: class net.corda.notary.jpa.JPANotaryService {}
[INFO ] 2021-04-06T09:57:34,392Z [Test worker] statemachine.SingleThreadedStateMachineManager. - Node ready, info: NodeInfo(addresses=[mock.node:1000], legalIdentitiesAndCerts=[O=Notary, L=London, C=GB], platformVersion=8, serial=1617703053597) {}
[INFO ] 2021-04-06T09:57:34,400Z [Test worker] network.PersistentNetworkMapCache. - Adding node with info: NodeInfo(addresses=[mock.node:1000], legalIdentitiesAndCerts=[O=Notary, L=London, C=GB], platformVersion=8, serial=1617703053597) {}
[INFO ] 2021-04-06T09:57:34,401Z [Test worker] network.PersistentNetworkMapCache. - Previous node was identical to incoming one - doing nothing {}
[INFO ] 2021-04-06T09:57:34,401Z [Test worker] network.PersistentNetworkMapCache. - Adding node with info: NodeInfo(addresses=[mock.node:1000], legalIdentitiesAndCerts=[O=Notary, L=London, C=GB], platformVersion=8, serial=1617703053597) {}
[INFO ] 2021-04-06T09:57:34,401Z [Test worker] network.PersistentNetworkMapCache. - Previous node was identical to incoming one - doing nothing {}
[INFO ] 2021-04-06T09:57:34,412Z [Test worker] cordapp.JarScanningCordappLoader. - Looking for CorDapps in [build/mock-network/20210406-095718.349-68E1A7D5DA9FFDDA/nodes/1/cordapps] {}
[INFO ] 2021-04-06T09:57:34,412Z [Test worker] cordapp.JarScanningCordappLoader. - Loading CorDapps from RestrictedURL(url=file:/Users/leonidkalneus/Egnyte/Private/lkalneus/code/ps-talk/ps-upgrades/workflows/build/mock-network/20210406-095718.349-68E1A7D5DA9FFDDA/nodes/1/cordapps/custom-cordapp_1_8_991faa04-7967-4e27-b2ff-f3cdca2be7d7.jar, rootPackageName=null) {}
[INFO ] 2021-04-06T09:57:34,412Z [Test worker] cordapp.JarScanningCordappLoader. - Scanning CorDapp in file:/Users/leonidkalneus/Egnyte/Private/lkalneus/code/ps-talk/ps-upgrades/workflows/build/mock-network/20210406-095718.349-68E1A7D5DA9FFDDA/nodes/1/cordapps/custom-cordapp_1_8_991faa04-7967-4e27-b2ff-f3cdca2be7d7.jar {}
[INFO ] 2021-04-06T09:57:34,438Z [Test worker] internal.InternalMockNetwork$MockNode. - MessagingService active change to: false {}
[INFO ] 2021-04-06T09:57:34,439Z [Test worker] internal.InternalMockNetwork$MockNode. - Flow external operation executor has a max of 2 threads {}
[INFO ] 2021-04-06T09:57:34,439Z [Test worker] internal.InternalMockNetwork$MockNode. - Node starting up ... {}
[INFO ] 2021-04-06T09:57:34,472Z [Test worker] internal.NodeFlowManager. - Registered com.template.flows.Initiator to initiate com.template.flows.Responder (version 1) {}
[INFO ] 2021-04-06T09:57:34,475Z [Test worker] internal.InternalMockNetwork$MockNode. - Loaded network parameters: NetworkParameters {
      minimumPlatformVersion=1
      notaries=[NotaryInfo(identity=O=Notary, L=London, C=GB, validating=true)]
      maxMessageSize=10485760
      maxTransactionSize=524288000
      whitelistedContractImplementations {
        
      }
      eventHorizon=PT720H
      packageOwnership {
        
      }
      modifiedTime=2021-04-06T09:57:18.280Z
      epoch=1
  } {}
[INFO ] 2021-04-06T09:57:34,781Z [Test worker] internal.InternalMockNetwork$MockNode. - Connected to H2 database. {}
[INFO ] 2021-04-06T09:57:34,784Z [Test worker] persistence.HibernateConfiguration. - Init HibernateConfiguration for schemas: [CommonSchemaV1(name=net.corda.core.schemas.CommonSchema, version=1), VaultSchemaV1(name=net.corda.node.services.vault.VaultSchema, version=1), NodeInfoSchemaV1(name=net.corda.node.internal.schemas.NodeInfoSchema, version=1), NodeCoreV1(name=net.corda.node.services.schema.NodeSchemaService$NodeCore, version=1)] {}
[INFO ] 2021-04-06T09:57:34,784Z [Test worker] factory.BaseSessionFactoryFactory. - Creating session factory for schemas: [CommonSchemaV1(name=net.corda.core.schemas.CommonSchema, version=1), VaultSchemaV1(name=net.corda.node.services.vault.VaultSchema, version=1), NodeInfoSchemaV1(name=net.corda.node.internal.schemas.NodeInfoSchema, version=1), NodeCoreV1(name=net.corda.node.services.schema.NodeSchemaService$NodeCore, version=1)] {}
[INFO ] 2021-04-06T09:57:34,900Z [Test worker] factory.BaseSessionFactoryFactory. - Created session factory for schemas: [CommonSchemaV1(name=net.corda.core.schemas.CommonSchema, version=1), VaultSchemaV1(name=net.corda.node.services.vault.VaultSchema, version=1), NodeInfoSchemaV1(name=net.corda.node.internal.schemas.NodeInfoSchema, version=1), NodeCoreV1(name=net.corda.node.services.schema.NodeSchemaService$NodeCore, version=1)] {}
[INFO ] 2021-04-06T09:57:34,902Z [Test worker] internal.InternalMockNetwork$MockNode. - identity-private-key not found in key store, generating fresh key! {}
[INFO ] 2021-04-06T09:57:34,922Z [Test worker] internal.InternalMockNetwork$MockNode. - Node-info has changed so submitting update. Old node-info was null {}
[INFO ] 2021-04-06T09:57:34,922Z [Test worker] network.PersistentNetworkMapCache. - Adding node with info: NodeInfo(addresses=[mock.node:1000], legalIdentitiesAndCerts=[O=Mock Company 1, L=London, C=GB], platformVersion=8, serial=1617703054922) {}
[INFO ] 2021-04-06T09:57:34,924Z [Test worker] network.PersistentNetworkMapCache. - No previous node found for O=Mock Company 1, L=London, C=GB {}
[INFO ] 2021-04-06T09:57:34,932Z [Test worker] internal.InternalMockNetwork$MockNode. - New node-info: NodeInfo(addresses=[mock.node:1000], legalIdentitiesAndCerts=[O=Mock Company 1, L=London, C=GB], platformVersion=8, serial=1617703054922) {}
[INFO ] 2021-04-06T09:57:34,938Z [Test worker] network.NetworkMapUpdater. - Auto-accept enabled for network parameter changes which modify only: [epoch, modifiedTime, packageOwnership, whitelistedContractImplementations] {}
[INFO ] 2021-04-06T09:57:34,938Z [Test worker] internal.MockNodeMessagingService. - Status change to true {}
[INFO ] 2021-04-06T09:57:34,938Z [Test worker] internal.InternalMockNetwork$MockNode. - MessagingService active change to: true {}
[INFO ] 2021-04-06T09:57:34,942Z [MockNode-2-2] network.PersistentNetworkMapCache. - Adding node with info: NodeInfo(addresses=[mock.node:1000], legalIdentitiesAndCerts=[O=Mock Company 1, L=London, C=GB], platformVersion=8, serial=1617703054922) {}
[INFO ] 2021-04-06T09:57:34,946Z [MockNode-2-2] network.PersistentNetworkMapCache. - Previous node was identical to incoming one - doing nothing {}
[INFO ] 2021-04-06T09:57:34,965Z [Test worker] persistence.NodeAttachmentService. - Stored new attachment: id=921C47E1C3CB1A9975F7A114546DB7F659B226864AAA468229AA0345BE1E54ED uploader=app filename=Contract: custom-cordapp, Workflow: custom-cordapp {}
[INFO ] 2021-04-06T09:57:34,986Z [Test worker] statemachine.SingleThreadedStateMachineManager. - Node ready, info: NodeInfo(addresses=[mock.node:1000], legalIdentitiesAndCerts=[O=Mock Company 1, L=London, C=GB], platformVersion=8, serial=1617703054922) {}
[INFO ] 2021-04-06T09:57:34,986Z [Test worker] network.PersistentNetworkMapCache. - Adding node with info: NodeInfo(addresses=[mock.node:1000], legalIdentitiesAndCerts=[O=Notary, L=London, C=GB], platformVersion=8, serial=1617703053597) {}
[INFO ] 2021-04-06T09:57:34,988Z [Test worker] network.PersistentNetworkMapCache. - No previous node found for O=Notary, L=London, C=GB {}
[INFO ] 2021-04-06T09:57:34,998Z [Test worker] network.PersistentNetworkMapCache. - Adding node with info: NodeInfo(addresses=[mock.node:1000], legalIdentitiesAndCerts=[O=Mock Company 1, L=London, C=GB], platformVersion=8, serial=1617703054922) {}
[INFO ] 2021-04-06T09:57:35,000Z [Test worker] network.PersistentNetworkMapCache. - No previous node found for O=Mock Company 1, L=London, C=GB {}
[INFO ] 2021-04-06T09:57:35,009Z [Test worker] network.PersistentNetworkMapCache. - Adding node with info: NodeInfo(addresses=[mock.node:1000], legalIdentitiesAndCerts=[O=Mock Company 1, L=London, C=GB], platformVersion=8, serial=1617703054922) {}
[INFO ] 2021-04-06T09:57:35,009Z [Test worker] network.PersistentNetworkMapCache. - Previous node was identical to incoming one - doing nothing {}
[INFO ] 2021-04-06T09:57:35,009Z [Test worker] network.PersistentNetworkMapCache. - Adding node with info: NodeInfo(addresses=[mock.node:1000], legalIdentitiesAndCerts=[O=Mock Company 1, L=London, C=GB], platformVersion=8, serial=1617703054922) {}
[INFO ] 2021-04-06T09:57:35,009Z [Test worker] network.PersistentNetworkMapCache. - Previous node was identical to incoming one - doing nothing {}
[INFO ] 2021-04-06T09:57:35,014Z [Test worker] cordapp.JarScanningCordappLoader. - Looking for CorDapps in [build/mock-network/20210406-095718.349-68E1A7D5DA9FFDDA/nodes/2/cordapps] {}
[INFO ] 2021-04-06T09:57:35,014Z [Test worker] cordapp.JarScanningCordappLoader. - Loading CorDapps from RestrictedURL(url=file:/Users/leonidkalneus/Egnyte/Private/lkalneus/code/ps-talk/ps-upgrades/workflows/build/mock-network/20210406-095718.349-68E1A7D5DA9FFDDA/nodes/2/cordapps/custom-cordapp_1_8_991faa04-7967-4e27-b2ff-f3cdca2be7d7.jar, rootPackageName=null) {}
[INFO ] 2021-04-06T09:57:35,014Z [Test worker] cordapp.JarScanningCordappLoader. - Scanning CorDapp in file:/Users/leonidkalneus/Egnyte/Private/lkalneus/code/ps-talk/ps-upgrades/workflows/build/mock-network/20210406-095718.349-68E1A7D5DA9FFDDA/nodes/2/cordapps/custom-cordapp_1_8_991faa04-7967-4e27-b2ff-f3cdca2be7d7.jar {}
[INFO ] 2021-04-06T09:57:35,037Z [Test worker] internal.InternalMockNetwork$MockNode. - MessagingService active change to: false {}
[INFO ] 2021-04-06T09:57:35,038Z [Test worker] internal.InternalMockNetwork$MockNode. - Flow external operation executor has a max of 2 threads {}
[INFO ] 2021-04-06T09:57:35,039Z [Test worker] internal.InternalMockNetwork$MockNode. - Node starting up ... {}
[INFO ] 2021-04-06T09:57:35,060Z [Test worker] internal.NodeFlowManager. - Registered com.template.flows.Initiator to initiate com.template.flows.Responder (version 1) {}
[INFO ] 2021-04-06T09:57:35,063Z [Test worker] internal.InternalMockNetwork$MockNode. - Loaded network parameters: NetworkParameters {
      minimumPlatformVersion=1
      notaries=[NotaryInfo(identity=O=Notary, L=London, C=GB, validating=true)]
      maxMessageSize=10485760
      maxTransactionSize=524288000
      whitelistedContractImplementations {
        
      }
      eventHorizon=PT720H
      packageOwnership {
        
      }
      modifiedTime=2021-04-06T09:57:18.280Z
      epoch=1
  } {}
[INFO ] 2021-04-06T09:57:35,324Z [Test worker] internal.InternalMockNetwork$MockNode. - Connected to H2 database. {}
[INFO ] 2021-04-06T09:57:35,326Z [Test worker] persistence.HibernateConfiguration. - Init HibernateConfiguration for schemas: [CommonSchemaV1(name=net.corda.core.schemas.CommonSchema, version=1), VaultSchemaV1(name=net.corda.node.services.vault.VaultSchema, version=1), NodeInfoSchemaV1(name=net.corda.node.internal.schemas.NodeInfoSchema, version=1), NodeCoreV1(name=net.corda.node.services.schema.NodeSchemaService$NodeCore, version=1)] {}
[INFO ] 2021-04-06T09:57:35,326Z [Test worker] factory.BaseSessionFactoryFactory. - Creating session factory for schemas: [CommonSchemaV1(name=net.corda.core.schemas.CommonSchema, version=1), VaultSchemaV1(name=net.corda.node.services.vault.VaultSchema, version=1), NodeInfoSchemaV1(name=net.corda.node.internal.schemas.NodeInfoSchema, version=1), NodeCoreV1(name=net.corda.node.services.schema.NodeSchemaService$NodeCore, version=1)] {}
[INFO ] 2021-04-06T09:57:35,451Z [Test worker] factory.BaseSessionFactoryFactory. - Created session factory for schemas: [CommonSchemaV1(name=net.corda.core.schemas.CommonSchema, version=1), VaultSchemaV1(name=net.corda.node.services.vault.VaultSchema, version=1), NodeInfoSchemaV1(name=net.corda.node.internal.schemas.NodeInfoSchema, version=1), NodeCoreV1(name=net.corda.node.services.schema.NodeSchemaService$NodeCore, version=1)] {}
[INFO ] 2021-04-06T09:57:35,452Z [Test worker] internal.InternalMockNetwork$MockNode. - identity-private-key not found in key store, generating fresh key! {}
[INFO ] 2021-04-06T09:57:35,471Z [Test worker] internal.InternalMockNetwork$MockNode. - Node-info has changed so submitting update. Old node-info was null {}
[INFO ] 2021-04-06T09:57:35,471Z [Test worker] network.PersistentNetworkMapCache. - Adding node with info: NodeInfo(addresses=[mock.node:1000], legalIdentitiesAndCerts=[O=Mock Company 2, L=London, C=GB], platformVersion=8, serial=1617703055471) {}
[INFO ] 2021-04-06T09:57:35,472Z [Test worker] network.PersistentNetworkMapCache. - No previous node found for O=Mock Company 2, L=London, C=GB {}
[INFO ] 2021-04-06T09:57:35,480Z [Test worker] internal.InternalMockNetwork$MockNode. - New node-info: NodeInfo(addresses=[mock.node:1000], legalIdentitiesAndCerts=[O=Mock Company 2, L=London, C=GB], platformVersion=8, serial=1617703055471) {}
[INFO ] 2021-04-06T09:57:35,487Z [Test worker] network.NetworkMapUpdater. - Auto-accept enabled for network parameter changes which modify only: [epoch, modifiedTime, packageOwnership, whitelistedContractImplementations] {}
[INFO ] 2021-04-06T09:57:35,487Z [Test worker] internal.MockNodeMessagingService. - Status change to true {}
[INFO ] 2021-04-06T09:57:35,487Z [Test worker] internal.InternalMockNetwork$MockNode. - MessagingService active change to: true {}
[INFO ] 2021-04-06T09:57:35,490Z [MockNode-3-2] network.PersistentNetworkMapCache. - Adding node with info: NodeInfo(addresses=[mock.node:1000], legalIdentitiesAndCerts=[O=Mock Company 2, L=London, C=GB], platformVersion=8, serial=1617703055471) {}
[INFO ] 2021-04-06T09:57:35,496Z [MockNode-3-2] network.PersistentNetworkMapCache. - Previous node was identical to incoming one - doing nothing {}
[INFO ] 2021-04-06T09:57:35,524Z [Test worker] persistence.NodeAttachmentService. - Stored new attachment: id=921C47E1C3CB1A9975F7A114546DB7F659B226864AAA468229AA0345BE1E54ED uploader=app filename=Contract: custom-cordapp, Workflow: custom-cordapp {}
[INFO ] 2021-04-06T09:57:35,544Z [Test worker] statemachine.SingleThreadedStateMachineManager. - Node ready, info: NodeInfo(addresses=[mock.node:1000], legalIdentitiesAndCerts=[O=Mock Company 2, L=London, C=GB], platformVersion=8, serial=1617703055471) {}
[INFO ] 2021-04-06T09:57:35,544Z [Test worker] network.PersistentNetworkMapCache. - Adding node with info: NodeInfo(addresses=[mock.node:1000], legalIdentitiesAndCerts=[O=Notary, L=London, C=GB], platformVersion=8, serial=1617703053597) {}
[INFO ] 2021-04-06T09:57:35,545Z [Test worker] network.PersistentNetworkMapCache. - No previous node found for O=Notary, L=London, C=GB {}
[INFO ] 2021-04-06T09:57:35,558Z [Test worker] network.PersistentNetworkMapCache. - Adding node with info: NodeInfo(addresses=[mock.node:1000], legalIdentitiesAndCerts=[O=Mock Company 2, L=London, C=GB], platformVersion=8, serial=1617703055471) {}
[INFO ] 2021-04-06T09:57:35,560Z [Test worker] network.PersistentNetworkMapCache. - No previous node found for O=Mock Company 2, L=London, C=GB {}
[INFO ] 2021-04-06T09:57:35,572Z [Test worker] network.PersistentNetworkMapCache. - Adding node with info: NodeInfo(addresses=[mock.node:1000], legalIdentitiesAndCerts=[O=Mock Company 1, L=London, C=GB], platformVersion=8, serial=1617703054922) {}
[INFO ] 2021-04-06T09:57:35,573Z [Test worker] network.PersistentNetworkMapCache. - No previous node found for O=Mock Company 1, L=London, C=GB {}
[INFO ] 2021-04-06T09:57:35,584Z [Test worker] network.PersistentNetworkMapCache. - Adding node with info: NodeInfo(addresses=[mock.node:1000], legalIdentitiesAndCerts=[O=Mock Company 2, L=London, C=GB], platformVersion=8, serial=1617703055471) {}
[INFO ] 2021-04-06T09:57:35,585Z [Test worker] network.PersistentNetworkMapCache. - No previous node found for O=Mock Company 2, L=London, C=GB {}
[INFO ] 2021-04-06T09:57:35,595Z [Test worker] network.PersistentNetworkMapCache. - Adding node with info: NodeInfo(addresses=[mock.node:1000], legalIdentitiesAndCerts=[O=Mock Company 2, L=London, C=GB], platformVersion=8, serial=1617703055471) {}
[INFO ] 2021-04-06T09:57:35,595Z [Test worker] network.PersistentNetworkMapCache. - Previous node was identical to incoming one - doing nothing {}
[INFO ] 2021-04-06T09:57:35,596Z [Test worker] network.PersistentNetworkMapCache. - Adding node with info: NodeInfo(addresses=[mock.node:1000], legalIdentitiesAndCerts=[O=Mock Company 2, L=London, C=GB], platformVersion=8, serial=1617703055471) {}
[INFO ] 2021-04-06T09:57:35,596Z [Test worker] network.PersistentNetworkMapCache. - Previous node was identical to incoming one - doing nothing {}
[WARN ] 2021-04-06T09:57:35,597Z [Test worker] internal.NodeFlowManager. - Multiple flows are registered for InitiatingFlow: class com.template.flows.Initiator, currently using: class com.template.flows.Responder {}
[INFO ] 2021-04-06T09:57:35,597Z [Test worker] internal.NodeFlowManager. - Registered com.template.flows.Initiator to initiate com.template.flows.Responder (version 1) {}
[WARN ] 2021-04-06T09:57:35,601Z [Test worker] internal.NodeFlowManager. - Multiple flows are registered for InitiatingFlow: class com.template.flows.Initiator, currently using: class com.template.flows.Responder {}
[INFO ] 2021-04-06T09:57:35,601Z [Test worker] internal.NodeFlowManager. - Registered com.template.flows.Initiator to initiate com.template.flows.Responder (version 1) {}
